<?xml version="1.0" encoding="UTF-8"?>
<!-- Generated by org.testng.reporters.JUnitReportReporter -->
<testsuite hostname="USMUMAWANGA11" failures="0" tests="1" name="com.cucumber.testrunner.TestNGRunnerTest" time="13.842" errors="0" timestamp="2023-05-12T16:24:21 IST" skipped="0">
  <testcase classname="com.cucumber.testrunner.TestNGRunnerTest" name="runScenario" time="13.842"/>
  <system-out/>
</testsuite> <!-- com.cucumber.testrunner.TestNGRunnerTest -->
